    OpenRGB v0.9
    Commit:  from 
    Launched: 20241225_202003
====================================================================================================

1001  |Info:    ------------------------------------------------------
1001  |Info:    |               Start device detection               |
1001  |Info:    ------------------------------------------------------
1001  |Info:    Initializing HID interfaces: Success
1010  |Info:    ------------------------------------------------------
1010  |Info:    |             Detecting I2C interfaces               |
1010  |Info:    ------------------------------------------------------
1012  |Info:    Registering I2C interface: /dev/i2c-3 Device 10DE:2484 Subsystem: 3842:3767
1012  |Info:    Registering I2C interface: /dev/i2c-1 Device 1022:790B Subsystem: 1043:87C0
1013  |Info:    Registering I2C interface: /dev/i2c-8 Device 10DE:2484 Subsystem: 3842:3767
1013  |Info:    Registering I2C interface: /dev/i2c-6 Device 10DE:2484 Subsystem: 3842:3767
1013  |Info:    Registering I2C interface: /dev/i2c-4 Device 10DE:2484 Subsystem: 3842:3767
1013  |Info:    Registering I2C interface: /dev/i2c-2 Device 1022:790B Subsystem: 1043:87C0
1013  |Info:    Registering I2C interface: /dev/i2c-0 Device 1022:790B Subsystem: 1043:87C0
1013  |Info:    Registering I2C interface: /dev/i2c-7 Device 10DE:2484 Subsystem: 3842:3767
1013  |Info:    Registering I2C interface: /dev/i2c-5 Device 10DE:2484 Subsystem: 3842:3767
1013  |Info:    ------------------------------------------------------
1013  |Info:    |               Detecting I2C devices                |
1013  |Info:    ------------------------------------------------------
1271  |Info:    [ENE DRAM] Registering RGB controller
1420  |Info:    [ENE DRAM] Registering RGB controller
2381  |Info:    ------------------------------------------------------
2381  |Info:    |               Detecting I2C PCI devices            |
2381  |Info:    ------------------------------------------------------
2393  |Info:    [EVGA GeForce RTX 3070 FTW3 Ultra] Registering RGB controller
2394  |Info:    ------------------------------------------------------
2394  |Info:    |               Detecting HID devices                |
2394  |Info:    ------------------------------------------------------
2939  |Info:    [NZXT RGB & Fan Controller] Registering RGB controller
3016  |Info:    [ASUS ROG CROSSHAIR VIII HERO (WI-FI)] Registering RGB controller
3071  |Info:    [Logitech G915 Wireless RGB Mechanical Gaming Keyboard] Registering RGB controller
3071  |Info:    ------------------------------------------------------
3071  |Info:    |            Detecting libusb HID devices            |
3071  |Info:    ------------------------------------------------------
3152  |Info:    ------------------------------------------------------
3152  |Info:    |              Detecting other devices               |
3152  |Info:    ------------------------------------------------------
3164  |Info:    ------------------------------------------------------
3164  |Info:    |                Detection completed                 |
3164  |Info:    ------------------------------------------------------
33896 |Info:    ------------------------------------------------------
33896 |Info:    |               Start device detection               |
33896 |Info:    ------------------------------------------------------
33896 |Info:    Initializing HID interfaces: Success
33903 |Info:    ------------------------------------------------------
33903 |Info:    |             Detecting I2C interfaces               |
33903 |Info:    ------------------------------------------------------
33904 |Info:    Registering I2C interface: /dev/i2c-3 Device 10DE:2484 Subsystem: 3842:3767
33904 |Info:    Registering I2C interface: /dev/i2c-1 Device 1022:790B Subsystem: 1043:87C0
33904 |Info:    Registering I2C interface: /dev/i2c-8 Device 10DE:2484 Subsystem: 3842:3767
33904 |Info:    Registering I2C interface: /dev/i2c-6 Device 10DE:2484 Subsystem: 3842:3767
33904 |Info:    Registering I2C interface: /dev/i2c-4 Device 10DE:2484 Subsystem: 3842:3767
33904 |Info:    Registering I2C interface: /dev/i2c-2 Device 1022:790B Subsystem: 1043:87C0
33904 |Info:    Registering I2C interface: /dev/i2c-0 Device 1022:790B Subsystem: 1043:87C0
33904 |Info:    Registering I2C interface: /dev/i2c-7 Device 10DE:2484 Subsystem: 3842:3767
33904 |Info:    Registering I2C interface: /dev/i2c-5 Device 10DE:2484 Subsystem: 3842:3767
33904 |Info:    ------------------------------------------------------
33904 |Info:    |               Detecting I2C devices                |
33904 |Info:    ------------------------------------------------------
34163 |Info:    [ENE DRAM] Registering RGB controller
34312 |Info:    [ENE DRAM] Registering RGB controller
35273 |Info:    ------------------------------------------------------
35273 |Info:    |               Detecting I2C PCI devices            |
35273 |Info:    ------------------------------------------------------
35283 |Info:    [EVGA GeForce RTX 3070 FTW3 Ultra] Registering RGB controller
35283 |Info:    ------------------------------------------------------
35283 |Info:    |               Detecting HID devices                |
35283 |Info:    ------------------------------------------------------
35938 |Info:    [NZXT RGB & Fan Controller] Registering RGB controller
36017 |Info:    [ASUS ROG CROSSHAIR VIII HERO (WI-FI)] Registering RGB controller
36018 |Info:    [Logitech G915 Wireless RGB Mechanical Gaming Keyboard] Registering RGB controller
36018 |Info:    ------------------------------------------------------
36018 |Info:    |            Detecting libusb HID devices            |
36018 |Info:    ------------------------------------------------------
36087 |Info:    ------------------------------------------------------
36087 |Info:    |              Detecting other devices               |
36087 |Info:    ------------------------------------------------------
36088 |Info:    ------------------------------------------------------
36088 |Info:    |                Detection completed                 |
36088 |Info:    ------------------------------------------------------
74848 |Info:    Found file: blue.orp attempting to validate header
74848 |Info:    Valid v4 profile found for blue
