    OpenRGB v0.9
    Commit:  from 
    Launched: 20250212_121517
====================================================================================================

0     |Info:    Found file: blue.orp attempting to validate header
0     |Info:    Valid v4 profile found for blue
1002  |Info:    ------------------------------------------------------
1002  |Info:    |               Start device detection               |
1002  |Info:    ------------------------------------------------------
1002  |Info:    Initializing HID interfaces: Success
1012  |Info:    ------------------------------------------------------
1012  |Info:    |             Detecting I2C interfaces               |
1012  |Info:    ------------------------------------------------------
1012  |Info:    Registering I2C interface: /dev/i2c-3 Device 10DE:2484 Subsystem: 3842:3767
1012  |Info:    Registering I2C interface: /dev/i2c-1 Device 1022:790B Subsystem: 1043:87C0
1012  |Info:    Registering I2C interface: /dev/i2c-8 Device 10DE:2484 Subsystem: 3842:3767
1012  |Info:    Registering I2C interface: /dev/i2c-6 Device 10DE:2484 Subsystem: 3842:3767
1012  |Info:    Registering I2C interface: /dev/i2c-4 Device 10DE:2484 Subsystem: 3842:3767
1012  |Info:    Registering I2C interface: /dev/i2c-2 Device 1022:790B Subsystem: 1043:87C0
1012  |Info:    Registering I2C interface: /dev/i2c-0 Device 1022:790B Subsystem: 1043:87C0
1012  |Info:    Registering I2C interface: /dev/i2c-7 Device 10DE:2484 Subsystem: 3842:3767
1013  |Info:    Registering I2C interface: /dev/i2c-5 Device 10DE:2484 Subsystem: 3842:3767
1013  |Info:    ------------------------------------------------------
1013  |Info:    |               Detecting I2C devices                |
1013  |Info:    ------------------------------------------------------
1358  |Info:    [ENE DRAM] Registering RGB controller
1536  |Info:    [ENE DRAM] Registering RGB controller
2494  |Info:    ------------------------------------------------------
2494  |Info:    |               Detecting I2C PCI devices            |
2494  |Info:    ------------------------------------------------------
2503  |Info:    [EVGA GeForce RTX 3070 FTW3 Ultra] Registering RGB controller
2504  |Info:    ------------------------------------------------------
2504  |Info:    |               Detecting HID devices                |
2504  |Info:    ------------------------------------------------------
2581  |Info:    [ASUS ROG CROSSHAIR VIII HERO (WI-FI)] Registering RGB controller
2632  |Info:    [Logitech G915 Wireless RGB Mechanical Gaming Keyboard] Registering RGB controller
3249  |Info:    [NZXT RGB & Fan Controller] Registering RGB controller
3249  |Info:    ------------------------------------------------------
3249  |Info:    |            Detecting libusb HID devices            |
3249  |Info:    ------------------------------------------------------
3361  |Info:    ------------------------------------------------------
3361  |Info:    |              Detecting other devices               |
3361  |Info:    ------------------------------------------------------
3376  |Info:    ------------------------------------------------------
3376  |Info:    |                Detection completed                 |
3376  |Info:    ------------------------------------------------------
3377  |Info:    Profile loading: Succeeded for ENE DRAM @ I2C: /dev/i2c-0, address 0x72
3377  |Info:    Profile loading: Succeeded for ENE DRAM @ I2C: /dev/i2c-0, address 0x73
3377  |Info:    Profile loading: Succeeded for EVGA GeForce RTX 3070 FTW3 Ultra @ I2C: /dev/i2c-3, address 0x2D
3377  |Info:    Profile loading: Succeeded for ASUS ROG CROSSHAIR VIII HERO (WI-FI) @ HID: /dev/hidraw8
3377  |Info:    Profile loading: Succeeded for Logitech G915 Wireless RGB Mechanical Gaming Keyboard @ 
3377  |Info:    Profile loading: Succeeded for NZXT RGB & Fan Controller @ HID: /dev/hidraw1
