    OpenRGB v0.9
    Commit:  from 
    Launched: 20241225_165611
====================================================================================================

1001  |Info:    ------------------------------------------------------
1001  |Info:    |               Start device detection               |
1001  |Info:    ------------------------------------------------------
1001  |Info:    Initializing HID interfaces: Success
1008  |Info:    ------------------------------------------------------
1008  |Info:    |             Detecting I2C interfaces               |
1008  |Info:    ------------------------------------------------------
1009  |Info:    Registering I2C interface: /dev/i2c-3 Device 10DE:2484 Subsystem: 3842:3767
1009  |Info:    Registering I2C interface: /dev/i2c-1 Device 1022:790B Subsystem: 1043:87C0
1009  |Info:    Registering I2C interface: /dev/i2c-8 Device 10DE:2484 Subsystem: 3842:3767
1009  |Info:    Registering I2C interface: /dev/i2c-6 Device 10DE:2484 Subsystem: 3842:3767
1009  |Info:    Registering I2C interface: /dev/i2c-4 Device 10DE:2484 Subsystem: 3842:3767
1009  |Info:    Registering I2C interface: /dev/i2c-2 Device 1022:790B Subsystem: 1043:87C0
1009  |Info:    Registering I2C interface: /dev/i2c-0 Device 1022:790B Subsystem: 1043:87C0
1009  |Info:    Registering I2C interface: /dev/i2c-7 Device 10DE:2484 Subsystem: 3842:3767
1009  |Info:    Registering I2C interface: /dev/i2c-5 Device 10DE:2484 Subsystem: 3842:3767
1009  |Info:    ------------------------------------------------------
1009  |Info:    |               Detecting I2C devices                |
1009  |Info:    ------------------------------------------------------
1270  |Info:    [ENE DRAM] Registering RGB controller
1419  |Info:    [ENE DRAM] Registering RGB controller
2380  |Info:    ------------------------------------------------------
2380  |Info:    |               Detecting I2C PCI devices            |
2380  |Info:    ------------------------------------------------------
2389  |Info:    [EVGA GeForce RTX 3070 FTW3 Ultra] Registering RGB controller
2389  |Info:    ------------------------------------------------------
2389  |Info:    |               Detecting HID devices                |
2389  |Info:    ------------------------------------------------------
3036  |Info:    [NZXT RGB & Fan Controller] Registering RGB controller
3113  |Info:    [ASUS ROG CROSSHAIR VIII HERO (WI-FI)] Registering RGB controller
3169  |Info:    [Logitech G915 Wireless RGB Mechanical Gaming Keyboard] Registering RGB controller
3169  |Info:    ------------------------------------------------------
3169  |Info:    |            Detecting libusb HID devices            |
3169  |Info:    ------------------------------------------------------
3287  |Info:    ------------------------------------------------------
3287  |Info:    |              Detecting other devices               |
3287  |Info:    ------------------------------------------------------
3299  |Info:    ------------------------------------------------------
3299  |Info:    |                Detection completed                 |
3299  |Info:    ------------------------------------------------------
3299  |Info:    Profile loading: FAILED! for ENE DRAM @ I2C: /dev/i2c-0, address 0x72
3299  |Info:    Profile loading: FAILED! for ENE DRAM @ I2C: /dev/i2c-0, address 0x73
3299  |Info:    Profile loading: FAILED! for EVGA GeForce RTX 3070 FTW3 Ultra @ I2C: /dev/i2c-3, address 0x2D
3299  |Info:    Profile loading: FAILED! for NZXT RGB & Fan Controller @ HID: /dev/hidraw7
3299  |Info:    Profile loading: FAILED! for ASUS ROG CROSSHAIR VIII HERO (WI-FI) @ HID: /dev/hidraw8
3299  |Info:    Profile loading: FAILED! for Logitech G915 Wireless RGB Mechanical Gaming Keyboard @ 
