    OpenRGB v0.9
    Commit:  from 
    Launched: 20241225_100755
====================================================================================================

1001  |Info:    Saving detector settings
1002  |Info:    ------------------------------------------------------
1002  |Info:    |               Start device detection               |
1002  |Info:    ------------------------------------------------------
1002  |Info:    Initializing HID interfaces: Success
1009  |Info:    ------------------------------------------------------
1009  |Info:    |             Detecting I2C interfaces               |
1009  |Info:    ------------------------------------------------------
1009  |Info:    Registering I2C interface: /dev/i2c-3 Device 10DE:2484 Subsystem: 3842:3767
1009  |Info:    Registering I2C interface: /dev/i2c-1 Device 1022:790B Subsystem: 1043:87C0
1009  |Info:    Registering I2C interface: /dev/i2c-8 Device 10DE:2484 Subsystem: 3842:3767
1010  |Info:    Registering I2C interface: /dev/i2c-6 Device 10DE:2484 Subsystem: 3842:3767
1010  |Info:    Registering I2C interface: /dev/i2c-4 Device 10DE:2484 Subsystem: 3842:3767
1010  |Info:    Registering I2C interface: /dev/i2c-2 Device 1022:790B Subsystem: 1043:87C0
1010  |Info:    Registering I2C interface: /dev/i2c-0 Device 1022:790B Subsystem: 1043:87C0
1010  |Info:    Registering I2C interface: /dev/i2c-7 Device 10DE:2484 Subsystem: 3842:3767
1010  |Info:    Registering I2C interface: /dev/i2c-5 Device 10DE:2484 Subsystem: 3842:3767
1010  |Info:    ------------------------------------------------------
1010  |Info:    |               Detecting I2C devices                |
1010  |Info:    ------------------------------------------------------
1340  |Info:    [ENE DRAM] Registering RGB controller
1489  |Info:    [ENE DRAM] Registering RGB controller
2452  |Info:    ------------------------------------------------------
2452  |Info:    |               Detecting I2C PCI devices            |
2452  |Info:    ------------------------------------------------------
2461  |Info:    [EVGA GeForce RTX 3070 FTW3 Ultra] Registering RGB controller
2461  |Info:    ------------------------------------------------------
2461  |Info:    |               Detecting HID devices                |
2462  |Info:    ------------------------------------------------------
3075  |Info:    [NZXT RGB & Fan Controller] Registering RGB controller
3153  |Info:    [ASUS ROG CROSSHAIR VIII HERO (WI-FI)] Registering RGB controller
3205  |Info:    [Logitech G915 Wireless RGB Mechanical Gaming Keyboard] Registering RGB controller
3205  |Info:    ------------------------------------------------------
3205  |Info:    |            Detecting libusb HID devices            |
3205  |Info:    ------------------------------------------------------
3323  |Info:    ------------------------------------------------------
3323  |Info:    |              Detecting other devices               |
3323  |Info:    ------------------------------------------------------
3335  |Info:    ------------------------------------------------------
3335  |Info:    |                Detection completed                 |
3335  |Info:    ------------------------------------------------------
3335  |Info:    Profile loading: FAILED! for ENE DRAM @ I2C: /dev/i2c-0, address 0x72
3335  |Info:    Profile loading: FAILED! for ENE DRAM @ I2C: /dev/i2c-0, address 0x73
3335  |Info:    Profile loading: FAILED! for EVGA GeForce RTX 3070 FTW3 Ultra @ I2C: /dev/i2c-3, address 0x2D
3335  |Info:    Profile loading: FAILED! for NZXT RGB & Fan Controller @ HID: /dev/hidraw7
3335  |Info:    Profile loading: FAILED! for ASUS ROG CROSSHAIR VIII HERO (WI-FI) @ HID: /dev/hidraw8
3335  |Info:    Profile loading: FAILED! for Logitech G915 Wireless RGB Mechanical Gaming Keyboard @ 
