    OpenRGB v0.9
    Commit:  from 
    Launched: 20241225_201652
====================================================================================================

1001  |Info:    ------------------------------------------------------
1001  |Info:    |               Start device detection               |
1001  |Info:    ------------------------------------------------------
1002  |Info:    Initializing HID interfaces: Success
1009  |Info:    ------------------------------------------------------
1009  |Info:    |             Detecting I2C interfaces               |
1009  |Info:    ------------------------------------------------------
1009  |Info:    Registering I2C interface: /dev/i2c-3 Device 10DE:2484 Subsystem: 3842:3767
1009  |Info:    Registering I2C interface: /dev/i2c-1 Device 1022:790B Subsystem: 1043:87C0
1009  |Info:    Registering I2C interface: /dev/i2c-8 Device 10DE:2484 Subsystem: 3842:3767
1009  |Info:    Registering I2C interface: /dev/i2c-6 Device 10DE:2484 Subsystem: 3842:3767
1009  |Info:    Registering I2C interface: /dev/i2c-4 Device 10DE:2484 Subsystem: 3842:3767
1009  |Info:    Registering I2C interface: /dev/i2c-2 Device 1022:790B Subsystem: 1043:87C0
1009  |Info:    Registering I2C interface: /dev/i2c-0 Device 1022:790B Subsystem: 1043:87C0
1010  |Info:    Registering I2C interface: /dev/i2c-7 Device 10DE:2484 Subsystem: 3842:3767
1010  |Info:    Registering I2C interface: /dev/i2c-5 Device 10DE:2484 Subsystem: 3842:3767
1010  |Info:    ------------------------------------------------------
1010  |Info:    |               Detecting I2C devices                |
1010  |Info:    ------------------------------------------------------
1272  |Info:    [ENE DRAM] Registering RGB controller
1434  |Info:    [ENE DRAM] Registering RGB controller
2406  |Info:    ------------------------------------------------------
2406  |Info:    |               Detecting I2C PCI devices            |
2406  |Info:    ------------------------------------------------------
2416  |Info:    [EVGA GeForce RTX 3070 FTW3 Ultra] Registering RGB controller
2416  |Info:    ------------------------------------------------------
2416  |Info:    |               Detecting HID devices                |
2416  |Info:    ------------------------------------------------------
3096  |Info:    [NZXT RGB & Fan Controller] Registering RGB controller
3171  |Info:    [ASUS ROG CROSSHAIR VIII HERO (WI-FI)] Registering RGB controller
3227  |Info:    [Logitech G915 Wireless RGB Mechanical Gaming Keyboard] Registering RGB controller
3227  |Info:    ------------------------------------------------------
3227  |Info:    |            Detecting libusb HID devices            |
3227  |Info:    ------------------------------------------------------
3345  |Info:    ------------------------------------------------------
3345  |Info:    |              Detecting other devices               |
3345  |Info:    ------------------------------------------------------
3358  |Info:    ------------------------------------------------------
3358  |Info:    |                Detection completed                 |
3358  |Info:    ------------------------------------------------------
3358  |Info:    Profile loading: FAILED! for ENE DRAM @ I2C: /dev/i2c-0, address 0x72
3358  |Info:    Profile loading: FAILED! for ENE DRAM @ I2C: /dev/i2c-0, address 0x73
3358  |Info:    Profile loading: FAILED! for EVGA GeForce RTX 3070 FTW3 Ultra @ I2C: /dev/i2c-3, address 0x2D
3358  |Info:    Profile loading: FAILED! for NZXT RGB & Fan Controller @ HID: /dev/hidraw7
3358  |Info:    Profile loading: FAILED! for ASUS ROG CROSSHAIR VIII HERO (WI-FI) @ HID: /dev/hidraw8
3358  |Info:    Profile loading: FAILED! for Logitech G915 Wireless RGB Mechanical Gaming Keyboard @ 
