    OpenRGB v0.9
    Commit:  from 
    Launched: 20241225_210247
====================================================================================================

0     |Info:    Found file: blue.orp attempting to validate header
0     |Info:    Valid v4 profile found for blue
1002  |Info:    ------------------------------------------------------
1002  |Info:    |               Start device detection               |
1002  |Info:    ------------------------------------------------------
1002  |Info:    Initializing HID interfaces: Success
1009  |Info:    ------------------------------------------------------
1009  |Info:    |             Detecting I2C interfaces               |
1009  |Info:    ------------------------------------------------------
1009  |Info:    Registering I2C interface: /dev/i2c-3 Device 10DE:2484 Subsystem: 3842:3767
1009  |Info:    Registering I2C interface: /dev/i2c-1 Device 1022:790B Subsystem: 1043:87C0
1009  |Info:    Registering I2C interface: /dev/i2c-8 Device 10DE:2484 Subsystem: 3842:3767
1009  |Info:    Registering I2C interface: /dev/i2c-6 Device 10DE:2484 Subsystem: 3842:3767
1009  |Info:    Registering I2C interface: /dev/i2c-4 Device 10DE:2484 Subsystem: 3842:3767
1009  |Info:    Registering I2C interface: /dev/i2c-2 Device 1022:790B Subsystem: 1043:87C0
1009  |Info:    Registering I2C interface: /dev/i2c-0 Device 1022:790B Subsystem: 1043:87C0
1009  |Info:    Registering I2C interface: /dev/i2c-7 Device 10DE:2484 Subsystem: 3842:3767
1009  |Info:    Registering I2C interface: /dev/i2c-5 Device 10DE:2484 Subsystem: 3842:3767
1009  |Info:    ------------------------------------------------------
1009  |Info:    |               Detecting I2C devices                |
1009  |Info:    ------------------------------------------------------
1272  |Info:    [ENE DRAM] Registering RGB controller
1423  |Info:    [ENE DRAM] Registering RGB controller
2384  |Info:    ------------------------------------------------------
2384  |Info:    |               Detecting I2C PCI devices            |
2384  |Info:    ------------------------------------------------------
2394  |Info:    [EVGA GeForce RTX 3070 FTW3 Ultra] Registering RGB controller
2394  |Info:    ------------------------------------------------------
2394  |Info:    |               Detecting HID devices                |
2394  |Info:    ------------------------------------------------------
2469  |Info:    [ASUS ROG CROSSHAIR VIII HERO (WI-FI)] Registering RGB controller
2524  |Info:    [Logitech G915 Wireless RGB Mechanical Gaming Keyboard] Registering RGB controller
2524  |Info:    ------------------------------------------------------
2524  |Info:    |            Detecting libusb HID devices            |
2524  |Info:    ------------------------------------------------------
2616  |Info:    ------------------------------------------------------
2616  |Info:    |              Detecting other devices               |
2616  |Info:    ------------------------------------------------------
2629  |Info:    ------------------------------------------------------
2629  |Info:    |                Detection completed                 |
2629  |Info:    ------------------------------------------------------
2629  |Info:    Profile loading: Succeeded for ENE DRAM @ I2C: /dev/i2c-0, address 0x72
2629  |Info:    Profile loading: Succeeded for ENE DRAM @ I2C: /dev/i2c-0, address 0x73
2629  |Info:    Profile loading: Succeeded for EVGA GeForce RTX 3070 FTW3 Ultra @ I2C: /dev/i2c-3, address 0x2D
2629  |Info:    Profile loading: Succeeded for ASUS ROG CROSSHAIR VIII HERO (WI-FI) @ HID: /dev/hidraw7
2629  |Info:    Profile loading: Succeeded for Logitech G915 Wireless RGB Mechanical Gaming Keyboard @ 
