    OpenRGB v0.9
    Commit:  from 
    Launched: 20250506_084715
====================================================================================================

0     |Info:    Found file: blue.orp attempting to validate header
0     |Info:    Valid v4 profile found for blue
1002  |Info:    ------------------------------------------------------
1002  |Info:    |               Start device detection               |
1002  |Info:    ------------------------------------------------------
1002  |Info:    Initializing HID interfaces: Success
1010  |Info:    ------------------------------------------------------
1010  |Info:    |             Detecting I2C interfaces               |
1010  |Info:    ------------------------------------------------------
1010  |Info:    Registering I2C interface: /dev/i2c-3 Device 10DE:2484 Subsystem: 3842:3767
1010  |Info:    Registering I2C interface: /dev/i2c-1 Device 1022:790B Subsystem: 1043:87C0
1010  |Info:    Registering I2C interface: /dev/i2c-8 Device 10DE:2484 Subsystem: 3842:3767
1010  |Info:    Registering I2C interface: /dev/i2c-6 Device 10DE:2484 Subsystem: 3842:3767
1011  |Info:    Registering I2C interface: /dev/i2c-4 Device 10DE:2484 Subsystem: 3842:3767
1011  |Info:    Registering I2C interface: /dev/i2c-2 Device 1022:790B Subsystem: 1043:87C0
1011  |Info:    Registering I2C interface: /dev/i2c-0 Device 1022:790B Subsystem: 1043:87C0
1011  |Info:    Registering I2C interface: /dev/i2c-7 Device 10DE:2484 Subsystem: 3842:3767
1011  |Info:    Registering I2C interface: /dev/i2c-5 Device 10DE:2484 Subsystem: 3842:3767
1011  |Info:    ------------------------------------------------------
1011  |Info:    |               Detecting I2C devices                |
1011  |Info:    ------------------------------------------------------
1360  |Info:    [ENE DRAM] Registering RGB controller
1541  |Info:    [ENE DRAM] Registering RGB controller
2508  |Info:    ------------------------------------------------------
2508  |Info:    |               Detecting I2C PCI devices            |
2509  |Info:    ------------------------------------------------------
2519  |Info:    [EVGA GeForce RTX 3070 FTW3 Ultra] Registering RGB controller
2519  |Info:    ------------------------------------------------------
2519  |Info:    |               Detecting HID devices                |
2519  |Info:    ------------------------------------------------------
2594  |Info:    [ASUS ROG CROSSHAIR VIII HERO (WI-FI)] Registering RGB controller
2645  |Info:    [Logitech G915 Wireless RGB Mechanical Gaming Keyboard] Registering RGB controller
3150  |Info:    [NZXT RGB & Fan Controller] Registering RGB controller
3150  |Info:    ------------------------------------------------------
3150  |Info:    |            Detecting libusb HID devices            |
3150  |Info:    ------------------------------------------------------
3258  |Info:    ------------------------------------------------------
3258  |Info:    |              Detecting other devices               |
3258  |Info:    ------------------------------------------------------
3267  |Info:    ------------------------------------------------------
3267  |Info:    |                Detection completed                 |
3267  |Info:    ------------------------------------------------------
3267  |Info:    Profile loading: Succeeded for ENE DRAM @ I2C: /dev/i2c-0, address 0x72
3267  |Info:    Profile loading: Succeeded for ENE DRAM @ I2C: /dev/i2c-0, address 0x73
3267  |Info:    Profile loading: Succeeded for EVGA GeForce RTX 3070 FTW3 Ultra @ I2C: /dev/i2c-3, address 0x2D
3267  |Info:    Profile loading: FAILED! for ASUS ROG CROSSHAIR VIII HERO (WI-FI) @ HID: /dev/hidraw8
3267  |Info:    Profile loading: Succeeded for Logitech G915 Wireless RGB Mechanical Gaming Keyboard @ 
3267  |Info:    Profile loading: Succeeded for NZXT RGB & Fan Controller @ HID: /dev/hidraw2
