    OpenRGB v0.9
    Commit:  from 
    Launched: 20250203_115631
====================================================================================================

0     |Info:    Found file: blue.orp attempting to validate header
0     |Info:    Valid v4 profile found for blue
1002  |Info:    ------------------------------------------------------
1002  |Info:    |               Start device detection               |
1002  |Info:    ------------------------------------------------------
1002  |Info:    Initializing HID interfaces: Success
1011  |Info:    ------------------------------------------------------
1011  |Info:    |             Detecting I2C interfaces               |
1011  |Info:    ------------------------------------------------------
1011  |Info:    Registering I2C interface: /dev/i2c-3 Device 10DE:2484 Subsystem: 3842:3767
1011  |Info:    Registering I2C interface: /dev/i2c-1 Device 1022:790B Subsystem: 1043:87C0
1011  |Info:    Registering I2C interface: /dev/i2c-8 Device 10DE:2484 Subsystem: 3842:3767
1011  |Info:    Registering I2C interface: /dev/i2c-6 Device 10DE:2484 Subsystem: 3842:3767
1011  |Info:    Registering I2C interface: /dev/i2c-4 Device 10DE:2484 Subsystem: 3842:3767
1012  |Info:    Registering I2C interface: /dev/i2c-2 Device 1022:790B Subsystem: 1043:87C0
1012  |Info:    Registering I2C interface: /dev/i2c-0 Device 1022:790B Subsystem: 1043:87C0
1012  |Info:    Registering I2C interface: /dev/i2c-7 Device 10DE:2484 Subsystem: 3842:3767
1012  |Info:    Registering I2C interface: /dev/i2c-5 Device 10DE:2484 Subsystem: 3842:3767
1012  |Info:    ------------------------------------------------------
1012  |Info:    |               Detecting I2C devices                |
1012  |Info:    ------------------------------------------------------
1350  |Info:    [ENE DRAM] Registering RGB controller
1499  |Info:    [ENE DRAM] Registering RGB controller
2461  |Info:    ------------------------------------------------------
2461  |Info:    |               Detecting I2C PCI devices            |
2461  |Info:    ------------------------------------------------------
2471  |Info:    [EVGA GeForce RTX 3070 FTW3 Ultra] Registering RGB controller
2471  |Info:    ------------------------------------------------------
2471  |Info:    |               Detecting HID devices                |
2471  |Info:    ------------------------------------------------------
2550  |Info:    [ASUS ROG CROSSHAIR VIII HERO (WI-FI)] Registering RGB controller
2604  |Info:    [Logitech G915 Wireless RGB Mechanical Gaming Keyboard] Registering RGB controller
3358  |Info:    [NZXT RGB & Fan Controller] Registering RGB controller
3358  |Info:    ------------------------------------------------------
3358  |Info:    |            Detecting libusb HID devices            |
3358  |Info:    ------------------------------------------------------
3468  |Info:    ------------------------------------------------------
3468  |Info:    |              Detecting other devices               |
3468  |Info:    ------------------------------------------------------
3480  |Info:    ------------------------------------------------------
3480  |Info:    |                Detection completed                 |
3480  |Info:    ------------------------------------------------------
3481  |Info:    Profile loading: Succeeded for ENE DRAM @ I2C: /dev/i2c-0, address 0x72
3481  |Info:    Profile loading: Succeeded for ENE DRAM @ I2C: /dev/i2c-0, address 0x73
3481  |Info:    Profile loading: Succeeded for EVGA GeForce RTX 3070 FTW3 Ultra @ I2C: /dev/i2c-3, address 0x2D
3481  |Info:    Profile loading: Succeeded for ASUS ROG CROSSHAIR VIII HERO (WI-FI) @ HID: /dev/hidraw8
3481  |Info:    Profile loading: Succeeded for Logitech G915 Wireless RGB Mechanical Gaming Keyboard @ 
3481  |Info:    Profile loading: Succeeded for NZXT RGB & Fan Controller @ HID: /dev/hidraw2
